<?xml version="1.0" encoding="UTF-8"?>
<!-- Generated by org.testng.reporters.JUnitXMLReporter -->
<testsuite ignored="0" hostname="LAPTOP-FAP6QC75" failures="1" tests="1" name="Test" time="58.887" errors="0" timestamp="2021-03-05T15:39:37 PST">
  <testcase classname="io.nirmata.tests.AddDeploymentToApplication" name="CreateApp" time="42.362">
    <failure type="java.lang.AssertionError" message="The following asserts failed:
	expected [true] but found [false]">
      <![CDATA[java.lang.AssertionError: The following asserts failed:
expected [true] but found [false]
at io.nirmata.tests.AddDeploymentToApplication.CreateApp(AddDeploymentToApplication.java:72)
at java.base/java.util.ArrayList.forEach(ArrayList.java:1540)
... Removed 29 stack frames]]>
    </failure>
  </testcase> <!-- CreateApp -->
</testsuite> <!-- Test -->
